This file contains any messages produced by compilers while
running configure, to aid debugging if configure makes a mistake.

It was created by CLHEP Random configure 2.1.0.0, which was
generated by GNU Autoconf 2.59.  Invocation command line was

  $ ./configure --prefix=/home/souma20/TP5-IDM/Random --no-create --no-recursion

## --------- ##
## Platform. ##
## --------- ##

hostname = SoumyaKaddouri
uname -m = x86_64
uname -r = 5.10.16.3-microsoft-standard-WSL2
uname -s = Linux
uname -v = #1 SMP Fri Apr 2 22:23:49 UTC 2021

/usr/bin/uname -p = x86_64
/bin/uname -X     = unknown

/bin/arch              = x86_64
/usr/bin/arch -k       = unknown
/usr/convex/getsysinfo = unknown
hostinfo               = unknown
/bin/machine           = unknown
/usr/bin/oslevel       = unknown
/bin/universe          = unknown

PATH: /home/souma20/.vscode-server/bin/1a5daa3a0231a0fbba4f14db7ec463cf99d7768e/bin/remote-cli
PATH: /usr/local/sbin
PATH: /usr/local/bin
PATH: /usr/sbin
PATH: /usr/bin
PATH: /sbin
PATH: /bin
PATH: /usr/games
PATH: /usr/local/games
PATH: /usr/lib/wsl/lib
PATH: /mnt/c/Program Files/Common Files/Oracle/Java/javapath
PATH: /mnt/c/Python310/Scripts/
PATH: /mnt/c/Python310/
PATH: /mnt/c/WINDOWS/system32
PATH: /mnt/c/WINDOWS
PATH: /mnt/c/WINDOWS/System32/Wbem
PATH: /mnt/c/WINDOWS/System32/WindowsPowerShell/v1.0/
PATH: /mnt/c/WINDOWS/System32/OpenSSH/
PATH: /mnt/c/Program Files/nodejs/
PATH: /mnt/c/ProgramData/chocolatey/bin
PATH: /mnt/c/Program Files/Git/cmd
PATH: /mnt/c/Program Files/dotnet/
PATH: /mnt/c/Program Files/Microsoft SQL Server/150/Tools/Binn/
PATH: /mnt/c/Program Files/Microsoft SQL Server/Client SDK/ODBC/170/Tools/Binn/
PATH: /mnt/c/Program Files/Java/jdk-19/bin
PATH: /Docker/host/bin
PATH: /mnt/c/Users/souma/AppData/Local/Microsoft/WindowsApps
PATH: /mnt/c/Users/souma/AppData/Roaming/npm
PATH: /mnt/c/Users/souma/AppData/Local/Programs/Microsoft VS Code/bin
PATH: /mnt/c/MinGW/bin
PATH: /mnt/c/Users/souma/.dotnet/tools
PATH: /snap/bin


## ----------- ##
## Core tests. ##
## ----------- ##

configure:1313: checking build system type
configure:1331: result: x86_64-unknown-linux-gnu
configure:1339: checking host system type
configure:1353: result: x86_64-unknown-linux-gnu
configure:1361: checking target system type
configure:1375: result: x86_64-unknown-linux-gnu
configure:1404: checking for a BSD-compatible install
configure:1459: result: /usr/bin/install -c
configure:1470: checking whether build environment is sane
configure:1513: result: yes
configure:1578: checking for gawk
configure:1594: found /usr/bin/gawk
configure:1604: result: gawk
configure:1614: checking whether make sets $(MAKE)
configure:1634: result: yes
configure:1815: checking for a BSD-compatible install
configure:1870: result: /usr/bin/install -c
configure:1881: checking whether ln -s works
configure:1885: result: yes
configure:1933: checking for ranlib
configure:1949: found /usr/bin/ranlib
configure:1960: result: ranlib
configure:2155: checking for cl
configure:2184: result: no
configure:2155: checking for g++
configure:2171: found /usr/bin/g++
configure:2181: result: g++
configure:2197: checking for C++ compiler version
configure:2200: g++ --version </dev/null >&5
g++ (Ubuntu 9.4.0-1ubuntu1~20.04.1) 9.4.0
Copyright (C) 2019 Free Software Foundation, Inc.
This is free software; see the source for copying conditions.  There is NO
warranty; not even for MERCHANTABILITY or FITNESS FOR A PARTICULAR PURPOSE.

configure:2203: $? = 0
configure:2205: g++ -v </dev/null >&5
Using built-in specs.
COLLECT_GCC=g++
COLLECT_LTO_WRAPPER=/usr/lib/gcc/x86_64-linux-gnu/9/lto-wrapper
OFFLOAD_TARGET_NAMES=nvptx-none:hsa
OFFLOAD_TARGET_DEFAULT=1
Target: x86_64-linux-gnu
Configured with: ../src/configure -v --with-pkgversion='Ubuntu 9.4.0-1ubuntu1~20.04.1' --with-bugurl=file:///usr/share/doc/gcc-9/README.Bugs --enable-languages=c,ada,c++,go,brig,d,fortran,objc,obj-c++,gm2 --prefix=/usr --with-gcc-major-version-only --program-suffix=-9 --program-prefix=x86_64-linux-gnu- --enable-shared --enable-linker-build-id --libexecdir=/usr/lib --without-included-gettext --enable-threads=posix --libdir=/usr/lib --enable-nls --enable-clocale=gnu --enable-libstdcxx-debug --enable-libstdcxx-time=yes --with-default-libstdcxx-abi=new --enable-gnu-unique-object --disable-vtable-verify --enable-plugin --enable-default-pie --with-system-zlib --with-target-system-zlib=auto --enable-objc-gc=auto --enable-multiarch --disable-werror --with-arch-32=i686 --with-abi=m64 --with-multilib-list=m32,m64,mx32 --enable-multilib --with-tune=generic --enable-offload-targets=nvptx-none=/build/gcc-9-Av3uEd/gcc-9-9.4.0/debian/tmp-nvptx/usr,hsa --without-cuda-driver --enable-checking=release --build=x86_64-linux-gnu --host=x86_64-linux-gnu --target=x86_64-linux-gnu
Thread model: posix
gcc version 9.4.0 (Ubuntu 9.4.0-1ubuntu1~20.04.1) 
configure:2208: $? = 0
configure:2210: g++ -V </dev/null >&5
g++: error: unrecognized command line option '-V'
g++: fatal error: no input files
compilation terminated.
configure:2213: $? = 1
configure:2236: checking for C++ compiler default output file name
configure:2239: g++    conftest.cc  >&5
configure:2242: $? = 0
configure:2288: result: a.out
configure:2293: checking whether the C++ compiler works
configure:2299: ./a.out
configure:2302: $? = 0
configure:2319: result: yes
configure:2326: checking whether we are cross compiling
configure:2328: result: no
configure:2331: checking for suffix of executables
configure:2333: g++ -o conftest    conftest.cc  >&5
configure:2336: $? = 0
configure:2361: result: 
configure:2367: checking for suffix of object files
configure:2388: g++ -c   conftest.cc >&5
configure:2391: $? = 0
configure:2413: result: o
configure:2417: checking whether we are using the GNU C++ compiler
configure:2441: g++ -c   conftest.cc >&5
configure:2447: $? = 0
configure:2451: test -z 
			 || test ! -s conftest.err
configure:2454: $? = 0
configure:2457: test -s conftest.o
configure:2460: $? = 0
configure:2473: result: yes
configure:2479: checking whether g++ accepts -g
configure:2500: g++ -c -g  conftest.cc >&5
configure:2506: $? = 0
configure:2510: test -z 
			 || test ! -s conftest.err
configure:2513: $? = 0
configure:2516: test -s conftest.o
configure:2519: $? = 0
configure:2530: result: yes
configure:2572: g++ -c -g -O2  conftest.cc >&5
configure:2578: $? = 0
configure:2582: test -z 
			 || test ! -s conftest.err
configure:2585: $? = 0
configure:2588: test -s conftest.o
configure:2591: $? = 0
configure:2617: g++ -c -g -O2  conftest.cc >&5
conftest.cc: In function 'int main()':
conftest.cc:15:1: error: 'exit' was not declared in this scope
   15 | exit (42);
      | ^~~~
configure:2623: $? = 1
configure: failed program was:
| /* confdefs.h.  */
| 
| #define PACKAGE_NAME "CLHEP Random"
| #define PACKAGE_TARNAME "Random"
| #define PACKAGE_VERSION "2.1.0.0"
| #define PACKAGE_STRING "CLHEP Random 2.1.0.0"
| #define PACKAGE_BUGREPORT "http://savannah.cern.ch/projects/clhep/"
| #define PACKAGE "Random"
| #define VERSION "2.1.0.0"
| /* end confdefs.h.  */
| 
| int
| main ()
| {
| exit (42);
|   ;
|   return 0;
| }
configure:2572: g++ -c -g -O2  conftest.cc >&5
configure:2578: $? = 0
configure:2582: test -z 
			 || test ! -s conftest.err
configure:2585: $? = 0
configure:2588: test -s conftest.o
configure:2591: $? = 0
configure:2617: g++ -c -g -O2  conftest.cc >&5
configure:2623: $? = 0
configure:2627: test -z 
			 || test ! -s conftest.err
configure:2630: $? = 0
configure:2633: test -s conftest.o
configure:2636: $? = 0
configure:2670: checking for style of include used by make
configure:2698: result: GNU
configure:2726: checking dependency style of g++
configure:2816: result: gcc3
configure:2849: checking how to run the C++ preprocessor
configure:2880: g++ -E  conftest.cc
configure:2886: $? = 0
configure:2918: g++ -E  conftest.cc
conftest.cc:14:10: fatal error: ac_nonexistent.h: No such file or directory
   14 | #include <ac_nonexistent.h>
      |          ^~~~~~~~~~~~~~~~~~
compilation terminated.
configure:2924: $? = 1
configure: failed program was:
| /* confdefs.h.  */
| 
| #define PACKAGE_NAME "CLHEP Random"
| #define PACKAGE_TARNAME "Random"
| #define PACKAGE_VERSION "2.1.0.0"
| #define PACKAGE_STRING "CLHEP Random 2.1.0.0"
| #define PACKAGE_BUGREPORT "http://savannah.cern.ch/projects/clhep/"
| #define PACKAGE "Random"
| #define VERSION "2.1.0.0"
| #ifdef __cplusplus
| extern "C" void std::exit (int) throw (); using std::exit;
| #endif
| /* end confdefs.h.  */
| #include <ac_nonexistent.h>
configure:2963: result: g++ -E
configure:2987: g++ -E  conftest.cc
configure:2993: $? = 0
configure:3025: g++ -E  conftest.cc
conftest.cc:14:10: fatal error: ac_nonexistent.h: No such file or directory
   14 | #include <ac_nonexistent.h>
      |          ^~~~~~~~~~~~~~~~~~
compilation terminated.
configure:3031: $? = 1
configure: failed program was:
| /* confdefs.h.  */
| 
| #define PACKAGE_NAME "CLHEP Random"
| #define PACKAGE_TARNAME "Random"
| #define PACKAGE_VERSION "2.1.0.0"
| #define PACKAGE_STRING "CLHEP Random 2.1.0.0"
| #define PACKAGE_BUGREPORT "http://savannah.cern.ch/projects/clhep/"
| #define PACKAGE "Random"
| #define VERSION "2.1.0.0"
| #ifdef __cplusplus
| extern "C" void std::exit (int) throw (); using std::exit;
| #endif
| /* end confdefs.h.  */
| #include <ac_nonexistent.h>
configure:3255: checking for drand48
configure:3312: g++ -o conftest -g -O2   conftest.cc  >&5
configure:3318: $? = 0
configure:3322: test -z 
			 || test ! -s conftest.err
configure:3325: $? = 0
configure:3328: test -s conftest
configure:3331: $? = 0
configure:3343: result: yes
configure:3488: creating ./config.status

## ---------------- ##
## Cache variables. ##
## ---------------- ##

ac_cv_build=x86_64-unknown-linux-gnu
ac_cv_build_alias=x86_64-unknown-linux-gnu
ac_cv_cxx_compiler_gnu=yes
ac_cv_env_CPPFLAGS_set=
ac_cv_env_CPPFLAGS_value=
ac_cv_env_CXXCPP_set=
ac_cv_env_CXXCPP_value=
ac_cv_env_CXXFLAGS_set=
ac_cv_env_CXXFLAGS_value=
ac_cv_env_CXX_set=
ac_cv_env_CXX_value=
ac_cv_env_LDFLAGS_set=
ac_cv_env_LDFLAGS_value=
ac_cv_env_build_alias_set=
ac_cv_env_build_alias_value=
ac_cv_env_host_alias_set=
ac_cv_env_host_alias_value=
ac_cv_env_target_alias_set=
ac_cv_env_target_alias_value=
ac_cv_exeext=
ac_cv_func_drand48=yes
ac_cv_host=x86_64-unknown-linux-gnu
ac_cv_host_alias=x86_64-unknown-linux-gnu
ac_cv_objext=o
ac_cv_path_install='/usr/bin/install -c'
ac_cv_prog_AWK=gawk
ac_cv_prog_CXXCPP='g++ -E'
ac_cv_prog_ac_ct_CXX=g++
ac_cv_prog_ac_ct_RANLIB=ranlib
ac_cv_prog_cxx_g=yes
ac_cv_prog_make_make_set=yes
ac_cv_target=x86_64-unknown-linux-gnu
ac_cv_target_alias=x86_64-unknown-linux-gnu
am_cv_CXX_dependencies_compiler_type=gcc3

## ----------------- ##
## Output variables. ##
## ----------------- ##

ACLOCAL='${SHELL} /home/souma20/TP5-IDM/Random/autotools/missing --run aclocal-1.9'
AMDEPBACKSLASH='\'
AMDEP_FALSE='#'
AMDEP_TRUE=''
AMTAR='${SHELL} /home/souma20/TP5-IDM/Random/autotools/missing --run tar'
AM_CXXFLAGS='-O -Wall -D_GNU_SOURCE'
AM_LDFLAGS=''
AR='ar'
ARFLAGS='cru'
AUTOCONF='${SHELL} /home/souma20/TP5-IDM/Random/autotools/missing --run autoconf'
AUTOHEADER='${SHELL} /home/souma20/TP5-IDM/Random/autotools/missing --run autoheader'
AUTOMAKE='${SHELL} /home/souma20/TP5-IDM/Random/autotools/missing --run automake-1.9'
AWK='gawk'
BUILD_SHARED_FALSE='#'
BUILD_SHARED_TRUE=''
BUILD_STATIC_FALSE='#'
BUILD_STATIC_TRUE=''
COPY_P='cp -p'
CPPFLAGS=''
CXX='g++'
CXXCPP='g++ -E'
CXXDEPMODE='depmode=gcc3'
CXXFLAGS='-g -O2'
CYGPATH_W='echo'
DEFS='-DHAVE_CONFIG_H'
DEPDIR='.deps'
DIFF_Q='diff -q -b'
ECHO_C=''
ECHO_N='-n'
ECHO_T=''
EXEEXT=''
INSTALL_DATA='${INSTALL} -m 644'
INSTALL_PROGRAM='${INSTALL}'
INSTALL_SCRIPT='${INSTALL}'
INSTALL_STRIP_PROGRAM='${SHELL} $(install_sh) -c -s'
LDFLAGS=''
LIBOBJS=''
LIBS=''
LN_S='ln -s'
LTLIBOBJS=''
MAKEINFO='${SHELL} /home/souma20/TP5-IDM/Random/autotools/missing --run makeinfo'
MY_LD='-Wl,--rpath -Wl,'
MY_SHFLAGS='-fPIC -DPIC'
MY_SHLINK='-shared'
MY_SHNAME='-Wl,-soname,'
OBJEXT='o'
PACKAGE='Random'
PACKAGE_BUGREPORT='http://savannah.cern.ch/projects/clhep/'
PACKAGE_NAME='CLHEP Random'
PACKAGE_STRING='CLHEP Random 2.1.0.0'
PACKAGE_TARNAME='Random'
PACKAGE_VERSION='2.1.0.0'
PATH_SEPARATOR=':'
RANLIB='ranlib'
Random_CPPFLAGS='-I${prefix}/include'
Random_LDFLAGS='-L${exec_prefix}/lib'
Random_LIBS='-lCLHEP-Random-2.1.0.0'
SET_MAKE=''
SHELL='/bin/sh'
SHEXT='so'
STRIP=''
TARGET='x86_64-unknown-linux-gnu'
USE_GMAKE_FALSE=''
USE_GMAKE_TRUE='#'
VERSION='2.1.0.0'
ac_ct_CXX='g++'
ac_ct_RANLIB='ranlib'
ac_ct_STRIP=''
am__fastdepCXX_FALSE='#'
am__fastdepCXX_TRUE=''
am__include='include'
am__leading_dot='.'
am__quote=''
am__tar='${AMTAR} chof - "$$tardir"'
am__untar='${AMTAR} xf -'
bindir='${exec_prefix}/bin'
build='x86_64-unknown-linux-gnu'
build_alias=''
build_cpu='x86_64'
build_os='linux-gnu'
build_vendor='unknown'
datadir='${prefix}/share'
exec_prefix='${prefix}'
host='x86_64-unknown-linux-gnu'
host_alias=''
host_cpu='x86_64'
host_os='linux-gnu'
host_vendor='unknown'
includedir='${prefix}/include'
infodir='${prefix}/info'
install_sh='/home/souma20/TP5-IDM/Random/autotools/install-sh'
libdir='${exec_prefix}/lib'
libexecdir='${exec_prefix}/libexec'
localstatedir='${prefix}/var'
mandir='${prefix}/man'
mkdir_p='mkdir -p --'
oldincludedir='/usr/include'
prefix='/home/souma20/TP5-IDM/Random'
program_transform_name='s,x,x,'
sbindir='${exec_prefix}/sbin'
sharedstatedir='${prefix}/com'
sysconfdir='${prefix}/etc'
target='x86_64-unknown-linux-gnu'
target_alias=''
target_cpu='x86_64'
target_os='linux-gnu'
target_vendor='unknown'

## ----------- ##
## confdefs.h. ##
## ----------- ##

#define HAVE_DRAND48 1
#define PACKAGE "Random"
#define PACKAGE_BUGREPORT "http://savannah.cern.ch/projects/clhep/"
#define PACKAGE_NAME "CLHEP Random"
#define PACKAGE_STRING "CLHEP Random 2.1.0.0"
#define PACKAGE_TARNAME "Random"
#define PACKAGE_VERSION "2.1.0.0"
#define VERSION "2.1.0.0"
#endif
#ifdef __cplusplus
extern "C" void std::exit (int) throw (); using std::exit;

configure: exit 0

## ---------------------- ##
## Running config.status. ##
## ---------------------- ##

This file was extended by CLHEP Random config.status 2.1.0.0, which was
generated by GNU Autoconf 2.59.  Invocation command line was

  CONFIG_FILES    = 
  CONFIG_HEADERS  = 
  CONFIG_LINKS    = 
  CONFIG_COMMANDS = 
  $ ./config.status 

on SoumyaKaddouri

config.status:721: creating Makefile
config.status:721: creating Random/Makefile
config.status:721: creating src/Makefile
config.status:721: creating doc/Makefile
config.status:721: creating test/Makefile
config.status:721: creating Random-deps
config.status:721: creating Random/copy-header.pl
config.status:721: creating Random-config
config.status:721: creating test/testRandDists.sh
config.status:721: creating test/testRandom.sh
config.status:721: creating test/gaussSmall.sh
config.status:721: creating test/gaussSpeed.sh
config.status:834: creating Random/defs.h
config.status:922: Random/defs.h is unchanged
config.status:1102: executing depfiles commands
